Build started 2016/2/23 9:30:42.
     1>Project "C:\Users\glfpes\Desktop\VLC\trunk\vlc\vlc\vlc.vcxproj" on node 2 (Build target(s)).
     1>ClCompile:
         C:\develop\vs2013ce\VC\bin\CL.exe /c /ZI /nologo /W3 /WX- /sdl /Od /Oy- /D WIN32 /D _DEBUG /D _CONSOLE /D _LIB /D _UNICODE /D UNICODE /Gm /EHsc /RTC1 /MDd /GS /fp:precise /Zc:wchar_t /Zc:forScope /Fo"Debug\\" /Fd"Debug\vc120.pdb" /Gd /TP /analyze- /errorReport:prompt CameraInfo.cpp Processor.cpp RoomInfo.cpp Source.cpp Tools.cpp Transmitter.cpp
         Transmitter.cpp
         Tools.cpp
     1>c:\users\glfpes\desktop\vlc\trunk\vlc\vlc\tools.cpp(33): warning C4244: 'argument' : conversion from 'float' to 'int', possible loss of data
         Source.cpp
         RoomInfo.cpp
         Processor.cpp
     1>c:\users\glfpes\desktop\vlc\trunk\vlc\vlc\processor.cpp(265): warning C4930: 'std::ofstream fout(void)': prototyped function not called (was a variable definition intended?)
         CameraInfo.cpp
         Generating Code...
       Link:
         C:\develop\vs2013ce\VC\bin\link.exe /ERRORREPORT:PROMPT /OUT:"C:\Users\glfpes\Desktop\VLC\trunk\vlc\Debug\vlc.exe" /INCREMENTAL /NOLOGO opencv_calib3d2411d.lib opencv_contrib2411d.lib opencv_core2411d.lib opencv_features2d2411d.lib opencv_flann2411d.lib opencv_gpu2411d.lib opencv_highgui2411d.lib opencv_imgproc2411d.lib opencv_legacy2411d.lib opencv_objdetect2411d.lib opencv_ts2411d.lib opencv_video2411d.lib opencv_nonfree2411d.lib opencv_ocl2411d.lib opencv_photo2411d.lib opencv_stitching2411d.lib opencv_superres2411d.lib opencv_videostab2411d.lib opencv_calib3d2411.lib opencv_contrib2411.lib opencv_core2411.lib opencv_features2d2411.lib opencv_flann2411.lib opencv_gpu2411.lib opencv_highgui2411.lib opencv_imgproc2411.lib opencv_legacy2411.lib opencv_ml2411d.lib opencv_objdetect2411.lib opencv_ts2411.lib opencv_video2411.lib opencv_nonfree2411.lib opencv_ocl2411.lib opencv_photo2411.lib opencv_stitching2411.lib opencv_superres2411.lib opencv_videostab2411.lib kernel32.lib user32.lib gdi32.lib winspool.lib comdlg32.lib advapi32.lib shell32.lib ole32.lib oleaut32.lib uuid.lib odbc32.lib odbccp32.lib /MANIFEST /MANIFESTUAC:"level='asInvoker' uiAccess='false'" /manifest:embed /DEBUG /PDB:"C:\Users\glfpes\Desktop\VLC\trunk\vlc\Debug\vlc.pdb" /SUBSYSTEM:CONSOLE /TLBID:1 /DYNAMICBASE /NXCOMPAT /IMPLIB:"C:\Users\glfpes\Desktop\VLC\trunk\vlc\Debug\vlc.lib" /MACHINE:X86 Debug\CameraInfo.obj
         Debug\Processor.obj
         Debug\RoomInfo.obj
         Debug\Source.obj
         Debug\Tools.obj
         Debug\Transmitter.obj
         vlc.vcxproj -> C:\Users\glfpes\Desktop\VLC\trunk\vlc\Debug\vlc.exe
     1>Done Building Project "C:\Users\glfpes\Desktop\VLC\trunk\vlc\vlc\vlc.vcxproj" (Build target(s)).

Build succeeded.

Time Elapsed 00:00:11.27
